Using pre-set license
Built from '2020.3/staging' branch; Version is '2020.3.11f1 (99c7afb366b3) revision 10078127'; Using compiler version '192528614'; Build Type 'Release'
OS: 'Windows 10 Home; OS build 19042.1052; Version 2009; 64bit' Language: 'de' Physical Memory: 16161 MB
BatchMode: 1, IsHumanControllingUs: 0, StartBugReporterOnCrash: 0, Is64bit: 1, IsPro: 0

 COMMAND LINE ARGUMENTS:
C:\Program Files\Unity\Hub\Editor\2020.3.11f1\Editor\Unity.exe
-adb2
-batchMode
-noUpm
-name
AssetImportWorker0
-projectPath
C:/Schule/1. Klasse/2.Semester/Prog/Projekt/Lost in the sahdow1/Lost-in-the-Shadow/Lost-In-The-Shadow
-logFile
Logs/AssetImportWorker0.log
-srvPort
53030
Successfully changed project path to: C:/Schule/1. Klasse/2.Semester/Prog/Projekt/Lost in the sahdow1/Lost-in-the-Shadow/Lost-In-The-Shadow
C:/Schule/1. Klasse/2.Semester/Prog/Projekt/Lost in the sahdow1/Lost-in-the-Shadow/Lost-In-The-Shadow
Using Asset Import Pipeline V2.
Refreshing native plugins compatible for Editor in 50.32 ms, found 3 plugins.
Preloading 0 native plugins for Editor in 0.00 ms.
Initialize engine version: 2020.3.11f1 (99c7afb366b3)
[Subsystems] Discovering subsystems at path C:/Program Files/Unity/Hub/Editor/2020.3.11f1/Editor/Data/Resources/UnitySubsystems
[Subsystems] Discovering subsystems at path C:/Schule/1. Klasse/2.Semester/Prog/Projekt/Lost in the sahdow1/Lost-in-the-Shadow/Lost-In-The-Shadow/Assets
GfxDevice: creating device client; threaded=0
Direct3D:
    Version:  Direct3D 11.0 [level 11.1]
    Renderer: NVIDIA GeForce MX350 (ID=0x1c94)
    Vendor:   
    VRAM:     1979 MB
    Driver:   26.21.14.4280
Initialize mono
Mono path[0] = 'C:/Program Files/Unity/Hub/Editor/2020.3.11f1/Editor/Data/Managed'
Mono path[1] = 'C:/Program Files/Unity/Hub/Editor/2020.3.11f1/Editor/Data/MonoBleedingEdge/lib/mono/unityjit'
Mono config path = 'C:/Program Files/Unity/Hub/Editor/2020.3.11f1/Editor/Data/MonoBleedingEdge/etc'
Using monoOptions --debugger-agent=transport=dt_socket,embedding=1,server=y,suspend=n,address=127.0.0.1:56352
Begin MonoManager ReloadAssembly
Registering precompiled unity dll's ...
Register platform support module: C:/Program Files/Unity/Hub/Editor/2020.3.11f1/Editor/Data/PlaybackEngines/WebGLSupport/UnityEditor.WebGL.Extensions.dll
Register platform support module: C:/Program Files/Unity/Hub/Editor/2020.3.11f1/Editor/Data/PlaybackEngines/WindowsStandaloneSupport/UnityEditor.WindowsStandalone.Extensions.dll
Registered in 0.002182 seconds.
Native extension for WindowsStandalone target not found
Native extension for WebGL target not found
Refreshing native plugins compatible for Editor in 54.91 ms, found 3 plugins.
Preloading 0 native plugins for Editor in 0.00 ms.
Mono: successfully reloaded assembly
- Completed reload, in  1.055 seconds
Platform modules already initialized, skipping
Registering precompiled user dll's ...
Registered in 0.003529 seconds.
Begin MonoManager ReloadAssembly
Native extension for WindowsStandalone target not found
Native extension for WebGL target not found
Refreshing native plugins compatible for Editor in 51.71 ms, found 3 plugins.
Preloading 0 native plugins for Editor in 0.00 ms.
Mono: successfully reloaded assembly
- Completed reload, in  1.079 seconds
Platform modules already initialized, skipping
========================================================================
Worker process is ready to serve import requests
Launched and connected shader compiler UnityShaderCompiler.exe after 0.05 seconds
Refreshing native plugins compatible for Editor in 0.58 ms, found 3 plugins.
Preloading 0 native plugins for Editor in 0.00 ms.
Unloading 2104 Unused Serialized files (Serialized files now loaded: 0)
System memory in use before: 96.0 MB.
System memory in use after: 96.1 MB.

Unloading 28 unused Assets to reduce memory usage. Loaded Objects now: 2544.
Total: 2.069100 ms (FindLiveObjects: 0.167200 ms CreateObjectMapping: 0.058200 ms MarkObjects: 1.770200 ms  DeleteObjects: 0.072400 ms)

========================================================================
Received Import Request.
  path: Assets/Charakter/CharTemplate/CharAnimation.png
  artifactKey: Guid(cf9123d9285d7de4db7fd6823d705c5e) Importer(815301076,1909f56bfc062723c751e8b465ee728b)
Start importing Assets/Charakter/CharTemplate/CharAnimation.png using Guid(cf9123d9285d7de4db7fd6823d705c5e) Importer(815301076,1909f56bfc062723c751e8b465ee728b)  -> (artifact id: '783cca5e7658bd7233598dce9b12025c') in 0.126195 seconds
  Import took 0.129954 seconds .

========================================================================
Received Import Request.
  Time since last request: 0.000344 seconds.
  path: Assets/Charakter/CharTemplate/Charakter Reference2.png
  artifactKey: Guid(d7bbc3d5e8fa6e44bbe3258093754f0d) Importer(815301076,1909f56bfc062723c751e8b465ee728b)
Start importing Assets/Charakter/CharTemplate/Charakter Reference2.png using Guid(d7bbc3d5e8fa6e44bbe3258093754f0d) Importer(815301076,1909f56bfc062723c751e8b465ee728b)  -> (artifact id: '94dc06d2b3044982ba6181b8015c74ed') in 0.027584 seconds
  Import took 0.031751 seconds .

========================================================================
Received Import Request.
  Time since last request: 0.000277 seconds.
  path: Assets/Charakter/CharTemplate/Charakter Reference.png
  artifactKey: Guid(0aa6627339c50e640b9ff0d45f09b173) Importer(815301076,1909f56bfc062723c751e8b465ee728b)
Start importing Assets/Charakter/CharTemplate/Charakter Reference.png using Guid(0aa6627339c50e640b9ff0d45f09b173) Importer(815301076,1909f56bfc062723c751e8b465ee728b)  -> (artifact id: '2a02963e890e09d15460ea2b01850c41') in 0.020972 seconds
  Import took 0.025875 seconds .

========================================================================
Received Import Request.
  Time since last request: 0.001053 seconds.
  path: Assets/Charakter/PNG/Char_Mov2.png
  artifactKey: Guid(1ceee560fe5335f40b7d19a498191a58) Importer(815301076,1909f56bfc062723c751e8b465ee728b)
Start importing Assets/Charakter/PNG/Char_Mov2.png using Guid(1ceee560fe5335f40b7d19a498191a58) Importer(815301076,1909f56bfc062723c751e8b465ee728b)  -> (artifact id: '2b71086e39fb24936d0ce8a7d4efc4e0') in 0.030832 seconds
  Import took 0.036631 seconds .

========================================================================
Received Import Request.
  Time since last request: 0.000302 seconds.
  path: Assets/Charakter/PNG/Char_Mov4.png
  artifactKey: Guid(29000b2feb4353f468126d2692525350) Importer(815301076,1909f56bfc062723c751e8b465ee728b)
Start importing Assets/Charakter/PNG/Char_Mov4.png using Guid(29000b2feb4353f468126d2692525350) Importer(815301076,1909f56bfc062723c751e8b465ee728b)  -> (artifact id: '8aea3769cd911886a02cba48ea32f816') in 0.026486 seconds
  Import took 0.031949 seconds .

========================================================================
Received Import Request.
  Time since last request: 0.000248 seconds.
  path: Assets/Charakter/PNG/Char_Mov3.png
  artifactKey: Guid(992b212d7bcf0e7408d83d95fd2dbec6) Importer(815301076,1909f56bfc062723c751e8b465ee728b)
Start importing Assets/Charakter/PNG/Char_Mov3.png using Guid(992b212d7bcf0e7408d83d95fd2dbec6) Importer(815301076,1909f56bfc062723c751e8b465ee728b)  -> (artifact id: '486ff02a9c9b09d8b4e5ef4fa4327ea4') in 0.029009 seconds
  Import took 0.033350 seconds .

========================================================================
Received Import Request.
  Time since last request: 0.000257 seconds.
  path: Assets/Charakter/PNG/Char_Mov1.png
  artifactKey: Guid(cc6bd165f65f7cb409e807644e48a800) Importer(815301076,1909f56bfc062723c751e8b465ee728b)
Start importing Assets/Charakter/PNG/Char_Mov1.png using Guid(cc6bd165f65f7cb409e807644e48a800) Importer(815301076,1909f56bfc062723c751e8b465ee728b)  -> (artifact id: '8048939a535a9ef0c8c7958c698a8037') in 0.024903 seconds
  Import took 0.031250 seconds .

========================================================================
Received Import Request.
  Time since last request: 0.042798 seconds.
  path: Assets/Charakter/PNG/Char_Mov1.png
  artifactKey: Guid(cc6bd165f65f7cb409e807644e48a800) Importer(815301076,1909f56bfc062723c751e8b465ee728b)
Start importing Assets/Charakter/PNG/Char_Mov1.png using Guid(cc6bd165f65f7cb409e807644e48a800) Importer(815301076,1909f56bfc062723c751e8b465ee728b)  -> (artifact id: '8048939a535a9ef0c8c7958c698a8037') in 0.012308 seconds
  Import took 0.017236 seconds .

========================================================================
Received Import Request.
  Time since last request: 5.524572 seconds.
  path: Assets/BG/CountryStyle_BG/layers/country-platform-back.png
  artifactKey: Guid(6cbeecce4d2083845beafec825009779) Importer(815301076,1909f56bfc062723c751e8b465ee728b)
Start importing Assets/BG/CountryStyle_BG/layers/country-platform-back.png using Guid(6cbeecce4d2083845beafec825009779) Importer(815301076,1909f56bfc062723c751e8b465ee728b)  -> (artifact id: '376a61ed1cebaf4431abcff33cc42560') in 0.013604 seconds
  Import took 0.018076 seconds .

========================================================================
Received Import Request.
  Time since last request: 0.064135 seconds.
  path: Assets/BG/CountryStyle_BG/layers/Materials/country-platform-back.mat
  artifactKey: Guid(3892045f664848c4fad84956e58b83b7) Importer(815301076,1909f56bfc062723c751e8b465ee728b)
Start importing Assets/BG/CountryStyle_BG/layers/Materials/country-platform-back.mat using Guid(3892045f664848c4fad84956e58b83b7) Importer(815301076,1909f56bfc062723c751e8b465ee728b)  -> (artifact id: 'fec80b40a0409edf488090e1a49cefcf') in 0.076870 seconds
  Import took 0.081819 seconds .

========================================================================
Received Import Request.
  Time since last request: 0.000197 seconds.
  path: Assets/BG/CountryStyle_BG/layers/country-platform-forest.png
  artifactKey: Guid(b4a4826c095c79a469a9fd304618c65c) Importer(815301076,1909f56bfc062723c751e8b465ee728b)
Start importing Assets/BG/CountryStyle_BG/layers/country-platform-forest.png using Guid(b4a4826c095c79a469a9fd304618c65c) Importer(815301076,1909f56bfc062723c751e8b465ee728b)  -> (artifact id: 'a3220664a48a5926e418762c11596d1b') in 0.017409 seconds
  Import took 0.023085 seconds .

========================================================================
Received Import Request.
  Time since last request: 3.892984 seconds.
  path: Assets/BG/CountryStyle_BG/layers/Materials/country-platform-forest.mat
  artifactKey: Guid(70a4e2d3cd662b4499bb3944c9c7765f) Importer(815301076,1909f56bfc062723c751e8b465ee728b)
Start importing Assets/BG/CountryStyle_BG/layers/Materials/country-platform-forest.mat using Guid(70a4e2d3cd662b4499bb3944c9c7765f) Importer(815301076,1909f56bfc062723c751e8b465ee728b)  -> (artifact id: 'a2f6fb577783698dbc092910fa02bc66') in 0.048459 seconds
  Import took 0.053090 seconds .

========================================================================
Received Import Request.
  Time since last request: 0.401507 seconds.
  path: Assets/BG/CountryStyle_BG/layers/country-platform-tiles-example.png
  artifactKey: Guid(3bf73ea2627fe0c4b82ab0a98cbf36f1) Importer(815301076,1909f56bfc062723c751e8b465ee728b)
Start importing Assets/BG/CountryStyle_BG/layers/country-platform-tiles-example.png using Guid(3bf73ea2627fe0c4b82ab0a98cbf36f1) Importer(815301076,1909f56bfc062723c751e8b465ee728b)  -> (artifact id: '6370290af2716aae22a244c0960ec05c') in 0.015944 seconds
  Import took 0.021177 seconds .

========================================================================
Received Import Request.
  Time since last request: 77.720684 seconds.
  path: Assets/Play.cs
  artifactKey: Guid(419ae31e3d5731d4995db6d0a6ddc9b6) Importer(815301076,1909f56bfc062723c751e8b465ee728b)
Start importing Assets/Play.cs using Guid(419ae31e3d5731d4995db6d0a6ddc9b6) Importer(815301076,1909f56bfc062723c751e8b465ee728b)  -> (artifact id: '4a018fcb1410bb5268de27be712f3284') in 0.005218 seconds
  Import took 0.010529 seconds .

========================================================================
Received Import Request.
  Time since last request: 0.006734 seconds.
  path: Assets/Play.cs
  artifactKey: Guid(419ae31e3d5731d4995db6d0a6ddc9b6) Importer(815301076,1909f56bfc062723c751e8b465ee728b)
Start importing Assets/Play.cs using Guid(419ae31e3d5731d4995db6d0a6ddc9b6) Importer(815301076,1909f56bfc062723c751e8b465ee728b)  -> (artifact id: '4a018fcb1410bb5268de27be712f3284') in 0.003466 seconds
  Import took 0.008552 seconds .

========================================================================
Received Prepare
Registering precompiled user dll's ...
Registered in 0.004374 seconds.
Begin MonoManager ReloadAssembly
Native extension for WindowsStandalone target not found
Native extension for WebGL target not found
Refreshing native plugins compatible for Editor in 0.48 ms, found 3 plugins.
Preloading 0 native plugins for Editor in 0.00 ms.
Mono: successfully reloaded assembly
- Completed reload, in  1.135 seconds
Platform modules already initialized, skipping
Refreshing native plugins compatible for Editor in 0.66 ms, found 3 plugins.
Preloading 0 native plugins for Editor in 0.00 ms.
Unloading 2081 Unused Serialized files (Serialized files now loaded: 0)
System memory in use before: 97.4 MB.
System memory in use after: 97.5 MB.

Unloading 16 unused Assets to reduce memory usage. Loaded Objects now: 2600.
Total: 2.178700 ms (FindLiveObjects: 0.183800 ms CreateObjectMapping: 0.061400 ms MarkObjects: 1.911700 ms  DeleteObjects: 0.020100 ms)

========================================================================
Received Prepare
Registering precompiled user dll's ...
Registered in 0.003397 seconds.
Begin MonoManager ReloadAssembly
Native extension for WindowsStandalone target not found
Native extension for WebGL target not found
Refreshing native plugins compatible for Editor in 0.48 ms, found 3 plugins.
Preloading 0 native plugins for Editor in 0.00 ms.
Mono: successfully reloaded assembly
- Completed reload, in  0.961 seconds
Platform modules already initialized, skipping
Refreshing native plugins compatible for Editor in 0.59 ms, found 3 plugins.
Preloading 0 native plugins for Editor in 0.00 ms.
Unloading 2081 Unused Serialized files (Serialized files now loaded: 0)
System memory in use before: 97.5 MB.
System memory in use after: 97.6 MB.

Unloading 16 unused Assets to reduce memory usage. Loaded Objects now: 2604.
Total: 1.845300 ms (FindLiveObjects: 0.149100 ms CreateObjectMapping: 0.052600 ms MarkObjects: 1.627000 ms  DeleteObjects: 0.015500 ms)

========================================================================
Received Prepare
Registering precompiled user dll's ...
Registered in 0.004359 seconds.
Begin MonoManager ReloadAssembly
Native extension for WindowsStandalone target not found
Native extension for WebGL target not found
Refreshing native plugins compatible for Editor in 0.57 ms, found 3 plugins.
Preloading 0 native plugins for Editor in 0.00 ms.
Mono: successfully reloaded assembly
- Completed reload, in  0.937 seconds
Platform modules already initialized, skipping
Refreshing native plugins compatible for Editor in 0.50 ms, found 3 plugins.
Preloading 0 native plugins for Editor in 0.00 ms.
Unloading 2081 Unused Serialized files (Serialized files now loaded: 0)
System memory in use before: 97.5 MB.
System memory in use after: 97.6 MB.

Unloading 16 unused Assets to reduce memory usage. Loaded Objects now: 2608.
Total: 1.860700 ms (FindLiveObjects: 0.160400 ms CreateObjectMapping: 0.057700 ms MarkObjects: 1.626100 ms  DeleteObjects: 0.015500 ms)

AssetImportWorkerClient::OnTransportError - code=2 error=End of file
